<?xml version="1.0" encoding="UTF-8"?>
<!-- Generated by org.testng.reporters.JUnitXMLReporter -->
<testsuite hostname="Javalkar" name="test3" tests="1" failures="1" timestamp="29 Nov 2016 14:07:19 GMT" time="9.335" errors="0">
  <testcase name="cRole" time="6.144" classname="com.action.hospitalBillingMasters.NewRatePlanAction">
    <failure type="java.lang.IllegalStateException" message="Cannot get a STRING value from a NUMERIC cell">
      <![CDATA[java.lang.IllegalStateException: Cannot get a STRING value from a NUMERIC cell
	at org.apache.poi.xssf.usermodel.XSSFCell.typeMismatch(XSSFCell.java:1050)
	at org.apache.poi.xssf.usermodel.XSSFCell.getRichStringCellValue(XSSFCell.java:404)
	at org.apache.poi.xssf.usermodel.XSSFCell.getStringCellValue(XSSFCell.java:356)
	at com.libraries.XlLibrary.getCellValue(XlLibrary.java:26)
	at com.action.hospitalBillingMasters.NewRatePlanAction.getBaseRateSheets(NewRatePlanAction.java:33)
	at com.action.hospitalBillingMasters.NewRatePlanAction.cRole(NewRatePlanAction.java:23)
... Removed 24 stack frames]]>
    </failure>
  </testcase> <!-- cRole -->
</testsuite> <!-- test3 -->
